<?xml version="1.0" encoding="UTF-8"?>
<!-- Generated by org.testng.reporters.JUnitReportReporter -->
<testsuite hostname="CDA-AR-0821" failures="0" tests="1" name="com.kobiton.scriptlessautomation.TestSuite" time="1.844" errors="1" timestamp="2022-04-01T16:17:07 ART" skipped="0">
  <testcase classname="com.kobiton.scriptlessautomation.TestSuite" name="testOnSMF711U1Android11" time="1.844">
    <error message="The credential you entered was not authorized. Please double-check and try again." type="java.lang.Exception">
      <![CDATA[java.lang.Exception: The credential you entered was not authorized. Please double-check and try again.
at com.kobiton.scriptlessautomation.TestBase.getAvailableDevice(TestBase.java:928)
at com.kobiton.scriptlessautomation.TestBase.findOnlineDevice(TestBase.java:963)
at com.kobiton.scriptlessautomation.TestSuite.testOnSMF711U1Android11(TestSuite.java:12)
at java.base/jdk.internal.reflect.NativeMethodAccessorImpl.invoke0(Native Method)
at java.base/jdk.internal.reflect.NativeMethodAccessorImpl.invoke(NativeMethodAccessorImpl.java:64)
at java.base/jdk.internal.reflect.DelegatingMethodAccessorImpl.invoke(DelegatingMethodAccessorImpl.java:43)
at java.base/java.lang.reflect.Method.invoke(Method.java:564)
at org.testng.internal.MethodInvocationHelper.invokeMethod(MethodInvocationHelper.java:133)
at org.testng.internal.TestInvoker.invokeMethod(TestInvoker.java:598)
at org.testng.internal.TestInvoker.invokeTestMethod(TestInvoker.java:173)
at org.testng.internal.MethodRunner.runInSequence(MethodRunner.java:46)
at org.testng.internal.TestInvoker$MethodInvocationAgent.invoke(TestInvoker.java:824)
at org.testng.internal.TestInvoker.invokeTestMethods(TestInvoker.java:146)
at org.testng.internal.TestMethodWorker.invokeTestMethods(TestMethodWorker.java:146)
at org.testng.internal.TestMethodWorker.run(TestMethodWorker.java:128)
at java.base/java.util.concurrent.ThreadPoolExecutor.runWorker(ThreadPoolExecutor.java:1130)
at java.base/java.util.concurrent.ThreadPoolExecutor$Worker.run(ThreadPoolExecutor.java:630)
at java.base/java.lang.Thread.run(Thread.java:832)
]]>
    </error>
  </testcase> <!-- testOnSMF711U1Android11 -->
  <system-out/>
</testsuite> <!-- com.kobiton.scriptlessautomation.TestSuite -->
